<?xml version="1.0" encoding="UTF-8"?>
<testsuite xmlns:xsi="http://www.w3.org/2001/XMLSchema-instance" xsi:noNamespaceSchemaLocation="https://maven.apache.org/surefire/maven-surefire-plugin/xsd/surefire-test-report-3.0.xsd" version="3.0" name="TestSuite" time="2.916" tests="4" errors="0" skipped="0" failures="0">
  <properties>
[...]
</properties>
  <testcase name="runScenario[&quot;As a user, i can get the data from my application&quot;, &quot;API HTTP CRUD function test&quot;](1)" classname="com.test.run.Runner" time="1.772">
    <system-err><![CDATA[SLF4J(W): No SLF4J providers were found.
SLF4J(W): Defaulting to no-operation (NOP) logger implementation
SLF4J(W): See https://www.slf4j.org/codes.html#noProviders for further details.
]]></system-err>
  </testcase>
  <testcase name="runScenario[&quot;As a user, i can send or post data from my application&quot;, &quot;API HTTP CRUD function test&quot;](2)" classname="com.test.run.Runner" time="0.176"/>
  <testcase name="runScenario[&quot;As a user, i can update or put data from my application&quot;, &quot;API HTTP CRUD function test&quot;](3)" classname="com.test.run.Runner" time="0.159"/>
  <testcase name="runScenario[&quot;As a user, i can remove the data from my application&quot;, &quot;API HTTP CRUD function test&quot;](4)" classname="com.test.run.Runner" time="0.142"/>
</testsuite>