<?xml version="1.0" encoding="UTF-8"?>
<!-- Generated by org.testng.reporters.JUnitReportReporter -->
<testsuite hostname="SAROWER" failures="0" tests="4" name="com.test.run.Runner" time="2.307" errors="0" timestamp="2026-02-01T14:18:28 EST" skipped="0">
  <testcase classname="com.test.run.Runner" name="runScenario" time="0.129"/>
  <testcase classname="com.test.run.Runner" name="runScenario" time="1.857"/>
  <testcase classname="com.test.run.Runner" name="runScenario" time="0.138"/>
  <testcase classname="com.test.run.Runner" name="runScenario" time="0.183"/>
</testsuite> <!-- com.test.run.Runner -->
