<?xml version="1.0" encoding="UTF-8"?>
<!-- Generated by org.testng.reporters.JUnitReportReporter -->
<testsuite hostname="SAROWER" failures="0" tests="4" name="com.test.run.Runner" time="2.246" errors="0" timestamp="2026-02-01T14:21:47 EST" skipped="0">
  <testcase classname="com.test.run.Runner" name="runScenario" time="0.159"/>
  <testcase classname="com.test.run.Runner" name="runScenario" time="1.768"/>
  <testcase classname="com.test.run.Runner" name="runScenario" time="0.176"/>
  <testcase classname="com.test.run.Runner" name="runScenario" time="0.143"/>
</testsuite> <!-- com.test.run.Runner -->
